<!DOCTYPE html PUBLIC "-//W3C//DTD XHTML 1.1//EN" "https://www.w3.org/TR/xhtml11/DTD/xhtml11.dtd">
<html xmlns="https://www.w3.org/1999/xhtml">
<head>
<meta http-equiv="content-type" content="text/html; charset=UTF-8"/>
<title>TestNG Report</title>
<style type="text/css">table {margin-bottom:10px;border-collapse:collapse;empty-cells:show}th,td {border:1px solid #009;padding:.25em .5em}th {vertical-align:bottom}td {vertical-align:top}table a {font-weight:bold}.stripe td {background-color: #E6EBF9}.num {text-align:right}.passedodd td {background-color: #3F3}.passedeven td {background-color: #0A0}.skippedodd td {background-color: #DDD}.skippedeven td {background-color: #CCC}.failedodd td,.attn {background-color: #F33}.failedeven td,.stripe .attn {background-color: #D00}.stacktrace {white-space:pre;font-family:monospace}.totop {font-size:85%;text-align:center;border-bottom:2px solid #000}.invisible {display:none}</style>
</head>
<body>
<table>
<tr><th>Test</th><th># Passed</th><th># Skipped</th><th># Retried</th><th># Failed</th><th>Time (ms)</th><th>Included Groups</th><th>Excluded Groups</th></tr>
<tr><th colspan="8">All Test Suite</th></tr>
<tr><td><a href="#t0">TestOnChrome</a></td><td class="num">4</td><td class="num">0</td><td class="num">0</td><td class="num">0</td><td class="num">205,987</td><td></td><td></td></tr>
<tr class="stripe"><td><a href="#t1">TestOn Edge</a></td><td class="num">4</td><td class="num">0</td><td class="num">0</td><td class="num">0</td><td class="num">223,086</td><td></td><td></td></tr>
<tr><td><a href="#t2">TestOnFirefox</a></td><td class="num">2</td><td class="num">0</td><td class="num">0</td><td class="num attn">2</td><td class="num">89,791</td><td></td><td></td></tr>
<tr><th>Total</th><th class="num">10</th><th class="num">0</th><th class="num">0</th><th class="num attn">2</th><th class="num">518,864</th><th colspan="2"></th></tr>
</table>
<table id='summary'><thead><tr><th>Class</th><th>Method</th><th>Start</th><th>Time (ms)</th></tr></thead><tbody><tr><th colspan="4">All Test Suite</th></tr></tbody><tbody id="t0"><tr><th colspan="4">TestOnChrome &#8212; passed</th></tr><tr class="passedeven"><td rowspan="4">mfstestcases.CodingQuestion1</td><td><a href="#m0">Add_to_cart</a></td><td rowspan="1">1661191510623</td><td rowspan="1">58362</td></tr><tr class="passedeven"><td><a href="#m1">getTextLableAndPriceForPopularCategory</a></td><td rowspan="1">1661191503765</td><td rowspan="1">6857</td></tr><tr class="passedeven"><td><a href="#m2">launchStore</a></td><td rowspan="1">1661191383000</td><td rowspan="1">104266</td></tr><tr class="passedeven"><td><a href="#m3">login</a></td><td rowspan="1">1661191487275</td><td rowspan="1">16488</td></tr></tbody>
<tbody id="t1"><tr><th colspan="4">TestOn Edge &#8212; passed</th></tr><tr class="passedeven"><td rowspan="4">mfstestcases.CodingQuestion1</td><td><a href="#m4">Add_to_cart</a></td><td rowspan="1">1661191734862</td><td rowspan="1">57607</td></tr><tr class="passedeven"><td><a href="#m5">getTextLableAndPriceForPopularCategory</a></td><td rowspan="1">1661191728418</td><td rowspan="1">6443</td></tr><tr class="passedeven"><td><a href="#m6">launchStore</a></td><td rowspan="1">1661191588562</td><td rowspan="1">128306</td></tr><tr class="passedeven"><td><a href="#m7">login</a></td><td rowspan="1">1661191716872</td><td rowspan="1">11545</td></tr></tbody>
<tbody id="t2"><tr><th colspan="4">TestOnFirefox &#8212; failed</th></tr><tr class="failedeven"><td rowspan="2">mfstestcases.CodingQuestion1</td><td><a href="#m8">Add_to_cart</a></td><td rowspan="1">1661191854147</td><td rowspan="1">28260</td></tr><tr class="failedeven"><td><a href="#m9">login</a></td><td rowspan="1">1661191823656</td><td rowspan="1">19632</td></tr><tr><th colspan="4">TestOnFirefox &#8212; passed</th></tr><tr class="passedeven"><td rowspan="2">mfstestcases.CodingQuestion1</td><td><a href="#m10">getTextLableAndPriceForPopularCategory</a></td><td rowspan="1">1661191843306</td><td rowspan="1">10838</td></tr><tr class="passedeven"><td><a href="#m11">launchStore</a></td><td rowspan="1">1661191810838</td><td rowspan="1">12816</td></tr></tbody>
</table>
<h2>TestOnChrome</h2><h3 id="m0">mfstestcases.CodingQuestion1#Add_to_cart</h3><table class="result"><tr><th class="invisible"/></tr></table><p class="totop"><a href="#summary">back to summary</a></p>
<h3 id="m1">mfstestcases.CodingQuestion1#getTextLableAndPriceForPopularCategory</h3><table class="result"><tr><th class="invisible"/></tr></table><p class="totop"><a href="#summary">back to summary</a></p>
<h3 id="m2">mfstestcases.CodingQuestion1#launchStore</h3><table class="result"><tr><th class="invisible"/></tr></table><p class="totop"><a href="#summary">back to summary</a></p>
<h3 id="m3">mfstestcases.CodingQuestion1#login</h3><table class="result"><tr><th class="invisible"/></tr></table><p class="totop"><a href="#summary">back to summary</a></p>
<h2>TestOn Edge</h2><h3 id="m4">mfstestcases.CodingQuestion1#Add_to_cart</h3><table class="result"><tr><th class="invisible"/></tr></table><p class="totop"><a href="#summary">back to summary</a></p>
<h3 id="m5">mfstestcases.CodingQuestion1#getTextLableAndPriceForPopularCategory</h3><table class="result"><tr><th class="invisible"/></tr></table><p class="totop"><a href="#summary">back to summary</a></p>
<h3 id="m6">mfstestcases.CodingQuestion1#launchStore</h3><table class="result"><tr><th class="invisible"/></tr></table><p class="totop"><a href="#summary">back to summary</a></p>
<h3 id="m7">mfstestcases.CodingQuestion1#login</h3><table class="result"><tr><th class="invisible"/></tr></table><p class="totop"><a href="#summary">back to summary</a></p>
<h2>TestOnFirefox</h2><h3 id="m8">mfstestcases.CodingQuestion1#Add_to_cart</h3><table class="result"><tr><th>Exception</th></tr><tr><td><div class="stacktrace">org.openqa.selenium.interactions.MoveTargetOutOfBoundsException: (429, 954) is out of bounds of viewport width (1536) and height (778)
Build info: version: &apos;3.141.59&apos;, revision: &apos;e82be7d358&apos;, time: &apos;2018-11-14T08:17:03&apos;
System info: host: &apos;TMANGWENYA-CAS-&apos;, ip: &apos;192.168.56.1&apos;, os.name: &apos;Windows 10&apos;, os.arch: &apos;amd64&apos;, os.version: &apos;10.0&apos;, java.version: &apos;1.8.0_281&apos;
Driver info: org.openqa.selenium.firefox.FirefoxDriver
Capabilities {acceptInsecureCerts: true, browserName: firefox, browserVersion: 103.0.2, javascriptEnabled: true, moz:accessibilityChecks: false, moz:buildID: 20220808125904, moz:geckodriverVersion: 0.31.0, moz:headless: false, moz:platformVersion: 10.0, moz:processID: 24132, moz:profile: C:\Users\TERENC~1.MAG\AppDa..., moz:shutdownTimeout: 60000, moz:useNonSpecCompliantPointerOrigin: false, moz:webdriverClick: true, moz:windowless: false, pageLoadStrategy: normal, platform: WINDOWS, platformName: WINDOWS, proxy: Proxy(), setWindowRect: true, strictFileInteractability: false, timeouts: {implicit: 0, pageLoad: 300000, script: 30000}, unhandledPromptBehavior: dismiss and notify}
Session ID: 20f4ee5a-6c84-418b-b743-03abea92a2ad
	at org.openqa.selenium.remote.http.W3CHttpResponseCodec.createException(W3CHttpResponseCodec.java:187)
	at org.openqa.selenium.remote.http.W3CHttpResponseCodec.decode(W3CHttpResponseCodec.java:122)
	at org.openqa.selenium.remote.http.W3CHttpResponseCodec.decode(W3CHttpResponseCodec.java:49)
	at org.openqa.selenium.remote.HttpCommandExecutor.execute(HttpCommandExecutor.java:158)
	at org.openqa.selenium.remote.service.DriverCommandExecutor.execute(DriverCommandExecutor.java:83)
	at org.openqa.selenium.remote.RemoteWebDriver.execute(RemoteWebDriver.java:552)
	at org.openqa.selenium.remote.RemoteWebDriver.perform(RemoteWebDriver.java:618)
	at org.openqa.selenium.interactions.Actions$BuiltAction.perform(Actions.java:639)
	at pageobject.AddToCartPage.slideToPriceRange(AddToCartPage.java:52)
	at mfstestcases.CodingQuestion1.Add_to_cart(CodingQuestion1.java:95)
	at java.util.ArrayList.forEach(ArrayList.java:1259)
... Removed 35 stack frames</div></td></tr></table><p class="totop"><a href="#summary">back to summary</a></p>
<h3 id="m9">mfstestcases.CodingQuestion1#login</h3><table class="result"><tr><th>Exception</th></tr><tr><td><div class="stacktrace">java.lang.AssertionError: Login Failed  expected [My account - My Store] but found [Login - My Store]
	at mfstestcases.CodingQuestion1.login(CodingQuestion1.java:38)
	at java.util.ArrayList.forEach(ArrayList.java:1259)
... Removed 36 stack frames</div></td></tr></table><p class="totop"><a href="#summary">back to summary</a></p>
<h3 id="m10">mfstestcases.CodingQuestion1#getTextLableAndPriceForPopularCategory</h3><table class="result"><tr><th class="invisible"/></tr></table><p class="totop"><a href="#summary">back to summary</a></p>
<h3 id="m11">mfstestcases.CodingQuestion1#launchStore</h3><table class="result"><tr><th class="invisible"/></tr></table><p class="totop"><a href="#summary">back to summary</a></p>
</body>
</html>
