<?xml version="1.0" encoding="UTF-8"?>
<testng-results skipped="0" failed="2" ignored="0" total="12" passed="10">
  <reporter-output>
  </reporter-output>
  <suite name="All Test Suite" duration-ms="519411" started-at="2022-08-22T20:02:53 CAT" finished-at="2022-08-22T20:11:32 CAT">
    <groups>
    </groups>
    <test name="TestOnChrome" duration-ms="205987" started-at="2022-08-22T20:02:53 CAT" finished-at="2022-08-22T20:06:19 CAT">
      <class name="mfstestcases.CodingQuestion1">
        <test-method status="PASS" signature="setupBrowser(java.lang.String)[pri:0, instance:mfstestcases.CodingQuestion1@27a8c74e]" name="setupBrowser" is-config="true" duration-ms="9943" started-at="2022-08-22T20:02:53 CAT" finished-at="2022-08-22T20:03:02 CAT">
          <params>
            <param index="0">
              <value>
                <![CDATA[Chrome]]>
              </value>
            </param>
          </params>
          <reporter-output>
          </reporter-output>
        </test-method> <!-- setupBrowser -->
        <test-method status="PASS" signature="launchStore()[pri:1, instance:mfstestcases.CodingQuestion1@27a8c74e]" name="launchStore" duration-ms="104266" started-at="2022-08-22T20:03:03 CAT" finished-at="2022-08-22T20:04:47 CAT">
          <reporter-output>
          </reporter-output>
        </test-method> <!-- launchStore -->
        <test-method status="PASS" signature="login()[pri:2, instance:mfstestcases.CodingQuestion1@27a8c74e]" name="login" duration-ms="16488" started-at="2022-08-22T20:04:47 CAT" finished-at="2022-08-22T20:05:03 CAT">
          <reporter-output>
          </reporter-output>
        </test-method> <!-- login -->
        <test-method status="PASS" signature="getTextLableAndPriceForPopularCategory()[pri:3, instance:mfstestcases.CodingQuestion1@27a8c74e]" name="getTextLableAndPriceForPopularCategory" duration-ms="6857" started-at="2022-08-22T20:05:03 CAT" finished-at="2022-08-22T20:05:10 CAT">
          <reporter-output>
          </reporter-output>
        </test-method> <!-- getTextLableAndPriceForPopularCategory -->
        <test-method status="PASS" signature="Add_to_cart()[pri:4, instance:mfstestcases.CodingQuestion1@27a8c74e]" name="Add_to_cart" duration-ms="58362" started-at="2022-08-22T20:05:10 CAT" finished-at="2022-08-22T20:06:08 CAT">
          <reporter-output>
          </reporter-output>
        </test-method> <!-- Add_to_cart -->
        <test-method status="PASS" signature="quitDriver()[pri:0, instance:mfstestcases.CodingQuestion1@27a8c74e]" name="quitDriver" is-config="true" duration-ms="10014" started-at="2022-08-22T20:06:08 CAT" finished-at="2022-08-22T20:06:19 CAT">
          <reporter-output>
          </reporter-output>
        </test-method> <!-- quitDriver -->
      </class> <!-- mfstestcases.CodingQuestion1 -->
    </test> <!-- TestOnChrome -->
    <test name="TestOn Edge" duration-ms="223086" started-at="2022-08-22T20:06:19 CAT" finished-at="2022-08-22T20:10:02 CAT">
      <class name="mfstestcases.CodingQuestion1">
        <test-method status="PASS" signature="setupBrowser(java.lang.String)[pri:0, instance:mfstestcases.CodingQuestion1@701fc37a]" name="setupBrowser" is-config="true" duration-ms="9162" started-at="2022-08-22T20:06:19 CAT" finished-at="2022-08-22T20:06:28 CAT">
          <params>
            <param index="0">
              <value>
                <![CDATA[Edge]]>
              </value>
            </param>
          </params>
          <reporter-output>
          </reporter-output>
        </test-method> <!-- setupBrowser -->
        <test-method status="PASS" signature="launchStore()[pri:1, instance:mfstestcases.CodingQuestion1@701fc37a]" name="launchStore" duration-ms="128306" started-at="2022-08-22T20:06:28 CAT" finished-at="2022-08-22T20:08:36 CAT">
          <reporter-output>
          </reporter-output>
        </test-method> <!-- launchStore -->
        <test-method status="PASS" signature="login()[pri:2, instance:mfstestcases.CodingQuestion1@701fc37a]" name="login" duration-ms="11545" started-at="2022-08-22T20:08:36 CAT" finished-at="2022-08-22T20:08:48 CAT">
          <reporter-output>
          </reporter-output>
        </test-method> <!-- login -->
        <test-method status="PASS" signature="getTextLableAndPriceForPopularCategory()[pri:3, instance:mfstestcases.CodingQuestion1@701fc37a]" name="getTextLableAndPriceForPopularCategory" duration-ms="6443" started-at="2022-08-22T20:08:48 CAT" finished-at="2022-08-22T20:08:54 CAT">
          <reporter-output>
          </reporter-output>
        </test-method> <!-- getTextLableAndPriceForPopularCategory -->
        <test-method status="PASS" signature="Add_to_cart()[pri:4, instance:mfstestcases.CodingQuestion1@701fc37a]" name="Add_to_cart" duration-ms="57607" started-at="2022-08-22T20:08:54 CAT" finished-at="2022-08-22T20:09:52 CAT">
          <reporter-output>
          </reporter-output>
        </test-method> <!-- Add_to_cart -->
        <test-method status="PASS" signature="quitDriver()[pri:0, instance:mfstestcases.CodingQuestion1@701fc37a]" name="quitDriver" is-config="true" duration-ms="10013" started-at="2022-08-22T20:09:52 CAT" finished-at="2022-08-22T20:10:02 CAT">
          <reporter-output>
          </reporter-output>
        </test-method> <!-- quitDriver -->
      </class> <!-- mfstestcases.CodingQuestion1 -->
    </test> <!-- TestOn Edge -->
    <test name="TestOnFirefox" duration-ms="89791" started-at="2022-08-22T20:10:02 CAT" finished-at="2022-08-22T20:11:32 CAT">
      <class name="mfstestcases.CodingQuestion1">
        <test-method status="PASS" signature="setupBrowser(java.lang.String)[pri:0, instance:mfstestcases.CodingQuestion1@71a794e5]" name="setupBrowser" is-config="true" duration-ms="8204" started-at="2022-08-22T20:10:02 CAT" finished-at="2022-08-22T20:10:10 CAT">
          <params>
            <param index="0">
              <value>
                <![CDATA[Firefox]]>
              </value>
            </param>
          </params>
          <reporter-output>
          </reporter-output>
        </test-method> <!-- setupBrowser -->
        <test-method status="PASS" signature="launchStore()[pri:1, instance:mfstestcases.CodingQuestion1@71a794e5]" name="launchStore" duration-ms="12816" started-at="2022-08-22T20:10:10 CAT" finished-at="2022-08-22T20:10:23 CAT">
          <reporter-output>
          </reporter-output>
        </test-method> <!-- launchStore -->
        <test-method status="FAIL" signature="login()[pri:2, instance:mfstestcases.CodingQuestion1@71a794e5]" name="login" duration-ms="19632" started-at="2022-08-22T20:10:23 CAT" finished-at="2022-08-22T20:10:43 CAT">
          <exception class="java.lang.AssertionError">
            <message>
              <![CDATA[Login Failed  expected [My account - My Store] but found [Login - My Store]]]>
            </message>
            <full-stacktrace>
              <![CDATA[java.lang.AssertionError: Login Failed  expected [My account - My Store] but found [Login - My Store]
at org.testng.Assert.fail(Assert.java:99)
at org.testng.Assert.failNotEquals(Assert.java:1037)
at org.testng.Assert.assertEqualsImpl(Assert.java:140)
at org.testng.Assert.assertEquals(Assert.java:122)
at org.testng.Assert.assertEquals(Assert.java:629)
at mfstestcases.CodingQuestion1.login(CodingQuestion1.java:38)
at sun.reflect.NativeMethodAccessorImpl.invoke0(Native Method)
at sun.reflect.NativeMethodAccessorImpl.invoke(NativeMethodAccessorImpl.java:62)
at sun.reflect.DelegatingMethodAccessorImpl.invoke(DelegatingMethodAccessorImpl.java:43)
at java.lang.reflect.Method.invoke(Method.java:498)
at org.testng.internal.MethodInvocationHelper.invokeMethod(MethodInvocationHelper.java:133)
at org.testng.internal.TestInvoker.invokeMethod(TestInvoker.java:598)
at org.testng.internal.TestInvoker.invokeTestMethod(TestInvoker.java:173)
at org.testng.internal.MethodRunner.runInSequence(MethodRunner.java:46)
at org.testng.internal.TestInvoker$MethodInvocationAgent.invoke(TestInvoker.java:824)
at org.testng.internal.TestInvoker.invokeTestMethods(TestInvoker.java:146)
at org.testng.internal.TestMethodWorker.invokeTestMethods(TestMethodWorker.java:146)
at org.testng.internal.TestMethodWorker.run(TestMethodWorker.java:128)
at java.util.ArrayList.forEach(ArrayList.java:1259)
at org.testng.TestRunner.privateRun(TestRunner.java:794)
at org.testng.TestRunner.run(TestRunner.java:596)
at org.testng.SuiteRunner.runTest(SuiteRunner.java:377)
at org.testng.SuiteRunner.runSequentially(SuiteRunner.java:371)
at org.testng.SuiteRunner.privateRun(SuiteRunner.java:332)
at org.testng.SuiteRunner.run(SuiteRunner.java:276)
at org.testng.SuiteRunnerWorker.runSuite(SuiteRunnerWorker.java:53)
at org.testng.SuiteRunnerWorker.run(SuiteRunnerWorker.java:96)
at org.testng.TestNG.runSuitesSequentially(TestNG.java:1212)
at org.testng.TestNG.runSuitesLocally(TestNG.java:1134)
at org.testng.TestNG.runSuites(TestNG.java:1063)
at org.testng.TestNG.run(TestNG.java:1031)
at org.apache.maven.surefire.testng.TestNGExecutor.run(TestNGExecutor.java:284)
at org.apache.maven.surefire.testng.TestNGXmlTestSuite.execute(TestNGXmlTestSuite.java:75)
at org.apache.maven.surefire.testng.TestNGProvider.invoke(TestNGProvider.java:119)
at org.apache.maven.surefire.booter.ForkedBooter.runSuitesInProcess(ForkedBooter.java:428)
at org.apache.maven.surefire.booter.ForkedBooter.execute(ForkedBooter.java:162)
at org.apache.maven.surefire.booter.ForkedBooter.run(ForkedBooter.java:562)
at org.apache.maven.surefire.booter.ForkedBooter.main(ForkedBooter.java:548)
]]>
            </full-stacktrace>
          </exception> <!-- java.lang.AssertionError -->
          <reporter-output>
          </reporter-output>
        </test-method> <!-- login -->
        <test-method status="PASS" signature="getTextLableAndPriceForPopularCategory()[pri:3, instance:mfstestcases.CodingQuestion1@71a794e5]" name="getTextLableAndPriceForPopularCategory" duration-ms="10838" started-at="2022-08-22T20:10:43 CAT" finished-at="2022-08-22T20:10:54 CAT">
          <reporter-output>
          </reporter-output>
        </test-method> <!-- getTextLableAndPriceForPopularCategory -->
        <test-method status="FAIL" signature="Add_to_cart()[pri:4, instance:mfstestcases.CodingQuestion1@71a794e5]" name="Add_to_cart" duration-ms="28260" started-at="2022-08-22T20:10:54 CAT" finished-at="2022-08-22T20:11:22 CAT">
          <exception class="org.openqa.selenium.interactions.MoveTargetOutOfBoundsException">
            <message>
              <![CDATA[(429, 954) is out of bounds of viewport width (1536) and height (778)
Build info: version: '3.141.59', revision: 'e82be7d358', time: '2018-11-14T08:17:03'
System info: host: 'TMANGWENYA-CAS-', ip: '192.168.56.1', os.name: 'Windows 10', os.arch: 'amd64', os.version: '10.0', java.version: '1.8.0_281'
Driver info: org.openqa.selenium.firefox.FirefoxDriver
Capabilities {acceptInsecureCerts: true, browserName: firefox, browserVersion: 103.0.2, javascriptEnabled: true, moz:accessibilityChecks: false, moz:buildID: 20220808125904, moz:geckodriverVersion: 0.31.0, moz:headless: false, moz:platformVersion: 10.0, moz:processID: 24132, moz:profile: C:\Users\TERENC~1.MAG\AppDa..., moz:shutdownTimeout: 60000, moz:useNonSpecCompliantPointerOrigin: false, moz:webdriverClick: true, moz:windowless: false, pageLoadStrategy: normal, platform: WINDOWS, platformName: WINDOWS, proxy: Proxy(), setWindowRect: true, strictFileInteractability: false, timeouts: {implicit: 0, pageLoad: 300000, script: 30000}, unhandledPromptBehavior: dismiss and notify}
Session ID: 20f4ee5a-6c84-418b-b743-03abea92a2ad]]>
            </message>
            <full-stacktrace>
              <![CDATA[org.openqa.selenium.interactions.MoveTargetOutOfBoundsException: (429, 954) is out of bounds of viewport width (1536) and height (778)
Build info: version: '3.141.59', revision: 'e82be7d358', time: '2018-11-14T08:17:03'
System info: host: 'TMANGWENYA-CAS-', ip: '192.168.56.1', os.name: 'Windows 10', os.arch: 'amd64', os.version: '10.0', java.version: '1.8.0_281'
Driver info: org.openqa.selenium.firefox.FirefoxDriver
Capabilities {acceptInsecureCerts: true, browserName: firefox, browserVersion: 103.0.2, javascriptEnabled: true, moz:accessibilityChecks: false, moz:buildID: 20220808125904, moz:geckodriverVersion: 0.31.0, moz:headless: false, moz:platformVersion: 10.0, moz:processID: 24132, moz:profile: C:\Users\TERENC~1.MAG\AppDa..., moz:shutdownTimeout: 60000, moz:useNonSpecCompliantPointerOrigin: false, moz:webdriverClick: true, moz:windowless: false, pageLoadStrategy: normal, platform: WINDOWS, platformName: WINDOWS, proxy: Proxy(), setWindowRect: true, strictFileInteractability: false, timeouts: {implicit: 0, pageLoad: 300000, script: 30000}, unhandledPromptBehavior: dismiss and notify}
Session ID: 20f4ee5a-6c84-418b-b743-03abea92a2ad
at sun.reflect.NativeConstructorAccessorImpl.newInstance0(Native Method)
at sun.reflect.NativeConstructorAccessorImpl.newInstance(NativeConstructorAccessorImpl.java:62)
at sun.reflect.DelegatingConstructorAccessorImpl.newInstance(DelegatingConstructorAccessorImpl.java:45)
at java.lang.reflect.Constructor.newInstance(Constructor.java:423)
at org.openqa.selenium.remote.http.W3CHttpResponseCodec.createException(W3CHttpResponseCodec.java:187)
at org.openqa.selenium.remote.http.W3CHttpResponseCodec.decode(W3CHttpResponseCodec.java:122)
at org.openqa.selenium.remote.http.W3CHttpResponseCodec.decode(W3CHttpResponseCodec.java:49)
at org.openqa.selenium.remote.HttpCommandExecutor.execute(HttpCommandExecutor.java:158)
at org.openqa.selenium.remote.service.DriverCommandExecutor.execute(DriverCommandExecutor.java:83)
at org.openqa.selenium.remote.RemoteWebDriver.execute(RemoteWebDriver.java:552)
at org.openqa.selenium.remote.RemoteWebDriver.perform(RemoteWebDriver.java:618)
at org.openqa.selenium.interactions.Actions$BuiltAction.perform(Actions.java:639)
at pageobject.AddToCartPage.slideToPriceRange(AddToCartPage.java:52)
at mfstestcases.CodingQuestion1.Add_to_cart(CodingQuestion1.java:95)
at sun.reflect.NativeMethodAccessorImpl.invoke0(Native Method)
at sun.reflect.NativeMethodAccessorImpl.invoke(NativeMethodAccessorImpl.java:62)
at sun.reflect.DelegatingMethodAccessorImpl.invoke(DelegatingMethodAccessorImpl.java:43)
at java.lang.reflect.Method.invoke(Method.java:498)
at org.testng.internal.MethodInvocationHelper.invokeMethod(MethodInvocationHelper.java:133)
at org.testng.internal.TestInvoker.invokeMethod(TestInvoker.java:598)
at org.testng.internal.TestInvoker.invokeTestMethod(TestInvoker.java:173)
at org.testng.internal.MethodRunner.runInSequence(MethodRunner.java:46)
at org.testng.internal.TestInvoker$MethodInvocationAgent.invoke(TestInvoker.java:824)
at org.testng.internal.TestInvoker.invokeTestMethods(TestInvoker.java:146)
at org.testng.internal.TestMethodWorker.invokeTestMethods(TestMethodWorker.java:146)
at org.testng.internal.TestMethodWorker.run(TestMethodWorker.java:128)
at java.util.ArrayList.forEach(ArrayList.java:1259)
at org.testng.TestRunner.privateRun(TestRunner.java:794)
at org.testng.TestRunner.run(TestRunner.java:596)
at org.testng.SuiteRunner.runTest(SuiteRunner.java:377)
at org.testng.SuiteRunner.runSequentially(SuiteRunner.java:371)
at org.testng.SuiteRunner.privateRun(SuiteRunner.java:332)
at org.testng.SuiteRunner.run(SuiteRunner.java:276)
at org.testng.SuiteRunnerWorker.runSuite(SuiteRunnerWorker.java:53)
at org.testng.SuiteRunnerWorker.run(SuiteRunnerWorker.java:96)
at org.testng.TestNG.runSuitesSequentially(TestNG.java:1212)
at org.testng.TestNG.runSuitesLocally(TestNG.java:1134)
at org.testng.TestNG.runSuites(TestNG.java:1063)
at org.testng.TestNG.run(TestNG.java:1031)
at org.apache.maven.surefire.testng.TestNGExecutor.run(TestNGExecutor.java:284)
at org.apache.maven.surefire.testng.TestNGXmlTestSuite.execute(TestNGXmlTestSuite.java:75)
at org.apache.maven.surefire.testng.TestNGProvider.invoke(TestNGProvider.java:119)
at org.apache.maven.surefire.booter.ForkedBooter.runSuitesInProcess(ForkedBooter.java:428)
at org.apache.maven.surefire.booter.ForkedBooter.execute(ForkedBooter.java:162)
at org.apache.maven.surefire.booter.ForkedBooter.run(ForkedBooter.java:562)
at org.apache.maven.surefire.booter.ForkedBooter.main(ForkedBooter.java:548)
]]>
            </full-stacktrace>
          </exception> <!-- org.openqa.selenium.interactions.MoveTargetOutOfBoundsException -->
          <reporter-output>
          </reporter-output>
        </test-method> <!-- Add_to_cart -->
        <test-method status="PASS" signature="quitDriver()[pri:0, instance:mfstestcases.CodingQuestion1@71a794e5]" name="quitDriver" is-config="true" duration-ms="10015" started-at="2022-08-22T20:11:22 CAT" finished-at="2022-08-22T20:11:32 CAT">
          <reporter-output>
          </reporter-output>
        </test-method> <!-- quitDriver -->
      </class> <!-- mfstestcases.CodingQuestion1 -->
    </test> <!-- TestOnFirefox -->
  </suite> <!-- All Test Suite -->
</testng-results>
